<?xml version="1.0" encoding="utf-8"?><testsuites name="pytest tests"><testsuite name="pytest" errors="0" failures="0" skipped="0" tests="9" time="105.919" timestamp="2026-05-29T18:58:13.932409+00:00" hostname="agent-env-63b2263c-0331-441c-9a6a-ac13fd3a7652"><testcase classname="backend.tests.test_e2e_smoke.TestAuth" name="test_admin_login_returns_user" time="0.518" /><testcase classname="backend.tests.test_e2e_smoke.TestAuth" name="test_invalid_login_rejected" time="0.341" /><testcase classname="backend.tests.test_e2e_smoke.TestWorkerLifecycle" name="test_register_heartbeat_delete" time="0.981" /><testcase classname="backend.tests.test_e2e_smoke.TestTaskCRUD" name="test_create_task_and_list" time="0.144" /><testcase classname="backend.tests.test_e2e_smoke.TestTaskCRUD" name="test_cancel_then_not_in_active" time="0.154" /><testcase classname="backend.tests.test_e2e_smoke.TestFairDistribution" name="test_equal_share_distribution[30-500]" time="42.370" /><testcase classname="backend.tests.test_e2e_smoke.TestFairDistribution" name="test_equal_share_distribution[40-500]" time="56.665" /><testcase classname="backend.tests.test_e2e_smoke.TestProgressAndComplete" name="test_full_task_lifecycle" time="2.958" /><testcase classname="backend.tests.test_e2e_smoke.TestCancellationStopsClaim" name="test_cancelled_task_not_claimable" time="1.746" /></testsuite></testsuites>