<?xml version="1.0" encoding="utf-8"?><testsuites name="pytest tests"><testsuite name="pytest" errors="0" failures="0" skipped="0" tests="7" time="12.264" timestamp="2026-05-29T20:39:59.837132+00:00" hostname="agent-env-63b2263c-0331-441c-9a6a-ac13fd3a7652"><testcase classname="backend.tests.test_round_robin_distribution_v840.TestAuthLogin" name="test_admin_login_on_public_url" time="0.370" /><testcase classname="backend.tests.test_round_robin_distribution_v840.TestTaskReactionFields" name="test_create_persists_reaction_flags" time="0.507" /><testcase classname="backend.tests.test_round_robin_distribution_v840.TestTaskReactionFields" name="test_defaults_av_off" time="0.654" /><testcase classname="backend.tests.test_round_robin_distribution_v840.TestTaskReactionFields" name="test_distribution_mode_extra_field_ignored" time="0.444" /><testcase classname="backend.tests.test_round_robin_distribution_v840.TestRoundRobinDistribution" name="test_90_bots_split_evenly_across_3_workers" time="7.714" /><testcase classname="backend.tests.test_round_robin_distribution_v840.TestStrictCapacityOnClaim" name="test_capacity_10_never_returns_more_than_10" time="1.519" /><testcase classname="backend.tests.test_round_robin_distribution_v840.TestWorkersList" name="test_workers_list_returns_reported_capacity_and_capacity_max" time="1.035" /></testsuite></testsuites>