<?xml version="1.0" encoding="utf-8"?><testsuites name="pytest tests"><testsuite name="pytest" errors="0" failures="0" skipped="0" tests="7" time="0.412" timestamp="2026-05-29T20:05:13.172133+00:00" hostname="agent-env-63b2263c-0331-441c-9a6a-ac13fd3a7652"><testcase classname="tests.test_strict_capacity_v836" name="test_ignores_reported_when_lower_than_admin" time="0.000" /><testcase classname="tests.test_strict_capacity_v836" name="test_ignores_reported_when_higher_than_admin" time="0.000" /><testcase classname="tests.test_strict_capacity_v836" name="test_admin_cap_of_one_is_strict" time="0.000" /><testcase classname="tests.test_strict_capacity_v836" name="test_missing_reported_returns_admin" time="0.000" /><testcase classname="tests.test_strict_capacity_v836" name="test_zero_admin_cap_returns_zero" time="0.000" /><testcase classname="tests.test_strict_capacity_v836" name="test_default_when_no_cap_set" time="0.000" /><testcase classname="tests.test_strict_capacity_v836" name="test_garbage_reported_does_not_crash" time="0.000" /></testsuite></testsuites>