<?xml version="1.0" encoding="utf-8"?><testsuites name="pytest tests"><testsuite name="pytest" errors="0" failures="0" skipped="0" tests="9" time="4.707" timestamp="2026-05-29T20:06:08.625033+00:00" hostname="agent-env-63b2263c-0331-441c-9a6a-ac13fd3a7652"><testcase classname="tests.test_strict_capacity_api_v836" name="test_admin_login_returns_200" time="0.494" /><testcase classname="tests.test_strict_capacity_api_v836" name="test_workers_list_has_capacity_fields" time="0.371" /><testcase classname="tests.test_strict_capacity_api_v836" name="test_patch_capacity_persists_exactly[1]" time="0.423" /><testcase classname="tests.test_strict_capacity_api_v836" name="test_patch_capacity_persists_exactly[10]" time="0.459" /><testcase classname="tests.test_strict_capacity_api_v836" name="test_patch_capacity_persists_exactly[100]" time="0.434" /><testcase classname="tests.test_strict_capacity_api_v836" name="test_high_reported_capacity_does_not_inflate_admin_cap" time="0.775" /><testcase classname="tests.test_strict_capacity_api_v836" name="test_low_reported_capacity_does_not_shrink_admin_cap" time="0.776" /><testcase classname="tests.test_strict_capacity_api_v836" name="test_admin_cap_one_strict_even_with_high_reported" time="0.897" /><testcase classname="tests.test_strict_capacity_api_v836" name="test_fleet_health_endpoint_ok" time="0.050" /></testsuite></testsuites>