<?xml version="1.0" encoding="utf-8"?><testsuites name="pytest tests"><testsuite name="pytest" errors="0" failures="0" skipped="0" tests="25" time="15.873" timestamp="2026-05-19T09:30:21.427186+00:00" hostname="agent-env-8005dcb8-32fa-4a5c-8d73-86268c29ce4f"><testcase classname="backend.tests.test_admin_and_names.TestAdminUserCRUD" name="test_create_user_success" time="0.764" /><testcase classname="backend.tests.test_admin_and_names.TestAdminUserCRUD" name="test_create_duplicate_email_400" time="0.692" /><testcase classname="backend.tests.test_admin_and_names.TestAdminUserCRUD" name="test_create_short_password_400" time="0.052" /><testcase classname="backend.tests.test_admin_and_names.TestAdminUserCRUD" name="test_list_users" time="0.738" /><testcase classname="backend.tests.test_admin_and_names.TestAdminUserCRUD" name="test_update_user_name_password_limit" time="1.523" /><testcase classname="backend.tests.test_admin_and_names.TestAdminUserCRUD" name="test_update_role_cannot_demote_self" time="0.099" /><testcase classname="backend.tests.test_admin_and_names.TestAdminUserCRUD" name="test_reset_usage" time="0.692" /><testcase classname="backend.tests.test_admin_and_names.TestAdminUserCRUD" name="test_delete_user_cascade" time="0.418" /><testcase classname="backend.tests.test_admin_and_names.TestAdminUserCRUD" name="test_delete_self_blocked" time="0.092" /><testcase classname="backend.tests.test_admin_and_names.TestRoleGuards" name="test_user_blocked_from_admin_users_list" time="0.740" /><testcase classname="backend.tests.test_admin_and_names.TestRoleGuards" name="test_user_blocked_from_admin_user_update" time="0.695" /><testcase classname="backend.tests.test_admin_and_names.TestRoleGuards" name="test_user_blocked_from_workers_get" time="0.683" /><testcase classname="backend.tests.test_admin_and_names.TestRoleGuards" name="test_user_blocked_from_workers_post" time="0.681" /><testcase classname="backend.tests.test_admin_and_names.TestRoleGuards" name="test_user_blocked_from_workers_delete" time="0.686" /><testcase classname="backend.tests.test_admin_and_names.TestRoleGuards" name="test_user_allowed_on_tasks" time="0.877" /><testcase classname="backend.tests.test_admin_and_names.TestRoleGuards" name="test_user_allowed_on_name_files" time="0.744" /><testcase classname="backend.tests.test_admin_and_names.TestWorkerFiles" name="test_zoom_worker_py" time="0.101" /><testcase classname="backend.tests.test_admin_and_names.TestWorkerFiles" name="test_names_in_txt" time="0.127" /><testcase classname="backend.tests.test_admin_and_names.TestWorkerFiles" name="test_requirements_txt" time="0.115" /><testcase classname="backend.tests.test_admin_and_names.TestWorkerFiles" name="test_install_ps1" time="0.095" /><testcase classname="backend.tests.test_admin_and_names.TestWorkerFiles" name="test_setup_guide" time="0.097" /><testcase classname="backend.tests.test_admin_and_names.TestBuiltinPools" name="test_builtin_counts" time="0.047" /><testcase classname="backend.tests.test_admin_and_names.TestSharedFleetAndNames" name="test_shared_fleet_admin_worker_claims_user_task" time="1.658" /><testcase classname="backend.tests.test_admin_and_names.TestSharedFleetAndNames" name="test_namesin_random_unique_and_varies" time="1.720" /><testcase classname="backend.tests.test_admin_and_names.TestSharedFleetAndNames" name="test_indian_pool_cycling_and_fresh_shuffle" time="1.671" /></testsuite></testsuites>