<?xml version="1.0" encoding="utf-8"?><testsuites name="pytest tests"><testsuite name="pytest" errors="0" failures="0" skipped="0" tests="14" time="5.668" timestamp="2026-05-28T20:20:59.337485+00:00" hostname="agent-env-c24350b2-6402-41b1-be49-b8b6d4ce2fcb"><testcase classname="backend.tests.test_prewarm_iteration6.TestAuth" name="test_login_sets_cookies_and_returns_user" time="0.446" /><testcase classname="backend.tests.test_prewarm_iteration6.TestAuth" name="test_me_without_cookie_is_401" time="0.120" /><testcase classname="backend.tests.test_prewarm_iteration6.TestWorkersAndPrewarm" name="test_create_worker_returns_token" time="0.354" /><testcase classname="backend.tests.test_prewarm_iteration6.TestWorkersAndPrewarm" name="test_list_workers_contains_created_and_pool_stats_key" time="0.079" /><testcase classname="backend.tests.test_prewarm_iteration6.TestWorkersAndPrewarm" name="test_heartbeat_persists_pool_stats" time="0.401" /><testcase classname="backend.tests.test_prewarm_iteration6.TestWorkersAndPrewarm" name="test_fleet_health_aggregates_prewarm" time="0.415" /><testcase classname="backend.tests.test_prewarm_iteration6.TestMeetingValidation" name="test_validate_credentials_bad_meeting_id_returns_400" time="0.088" /><testcase classname="backend.tests.test_prewarm_iteration6.TestMeetingValidation" name="test_validate_credentials_valid_10digit_returns_200" time="0.056" /><testcase classname="backend.tests.test_prewarm_iteration6.TestMeetingValidation" name="test_create_task_rejects_short_meeting_id" time="0.055" /><testcase classname="backend.tests.test_prewarm_iteration6.TestTaskLifecycle" name="test_worker_claim_returns_chunked_assignment" time="0.753" /><testcase classname="backend.tests.test_prewarm_iteration6.TestTaskLifecycle" name="test_progress_updates_parent_task" time="0.425" /><testcase classname="backend.tests.test_prewarm_iteration6.TestTaskLifecycle" name="test_complete_updates_parent_status" time="1.025" /><testcase classname="backend.tests.test_prewarm_iteration6.TestWorkerDelete" name="test_delete_worker_unassigns_and_returns_ok" time="0.461" /><testcase classname="backend.tests.test_prewarm_iteration6.TestBruteForceLockout" name="test_failed_logins_eventually_returns_429" time="0.938" /></testsuite></testsuites>