<?xml version="1.0" encoding="utf-8"?><testsuites name="pytest tests"><testsuite name="pytest" errors="0" failures="0" skipped="0" tests="20" time="15.180" timestamp="2026-05-28T17:46:07.335316+00:00" hostname="agent-env-41f3577f-bcde-4192-bf4a-84692ec78c4d"><testcase classname="backend.tests.test_zoom_optimizations.TestAuth" name="test_login_success_sets_cookies" time="0.652" /><testcase classname="backend.tests.test_zoom_optimizations.TestAuth" name="test_login_invalid" time="0.379" /><testcase classname="backend.tests.test_zoom_optimizations.TestFleetHealth" name="test_requires_admin" time="0.131" /><testcase classname="backend.tests.test_zoom_optimizations.TestFleetHealth" name="test_structure" time="0.053" /><testcase classname="backend.tests.test_zoom_optimizations.TestWorkerLifecycle" name="test_create_worker_requires_admin" time="0.115" /><testcase classname="backend.tests.test_zoom_optimizations.TestWorkerLifecycle" name="test_create_worker_and_heartbeat" time="0.709" /><testcase classname="backend.tests.test_zoom_optimizations.TestClaimFlow" name="test_claim_empty_returns_no_tasks" time="0.994" /><testcase classname="backend.tests.test_zoom_optimizations.TestClaimFlow" name="test_end_to_end_claim_progress_complete" time="1.762" /><testcase classname="backend.tests.test_zoom_optimizations.TestGreedyFill" name="test_first_worker_takes_full_capacity_first" time="2.106" /><testcase classname="backend.tests.test_zoom_optimizations.TestReleaseChunk" name="test_release_chunk" time="1.843" /><testcase classname="backend.tests.test_zoom_optimizations.TestAutoFailover" name="test_stale_worker_chunk_released" time="4.017" /><testcase classname="backend.tests.test_zoom_optimizations.TestWorkerDownloads" name="test_download[/worker/zoom_worker_pool.py-None]" time="0.138" /><testcase classname="backend.tests.test_zoom_optimizations.TestWorkerDownloads" name="test_download[/worker/start_xvfb.sh-None]" time="0.144" /><testcase classname="backend.tests.test_zoom_optimizations.TestWorkerDownloads" name="test_download[/worker/ecosystem.config.js-None]" time="0.110" /><testcase classname="backend.tests.test_zoom_optimizations.TestWorkerDownloads" name="test_download[/worker/install_linux.sh-None]" time="0.130" /><testcase classname="backend.tests.test_zoom_optimizations.TestWorkerDownloads" name="test_download[/worker/setup-guide-linux-#]" time="0.115" /><testcase classname="backend.tests.test_zoom_optimizations.TestExistingEndpoints" name="test_tasks_lists" time="0.178" /><testcase classname="backend.tests.test_zoom_optimizations.TestExistingEndpoints" name="test_list_workers" time="0.053" /><testcase classname="backend.tests.test_zoom_optimizations.TestExistingEndpoints" name="test_delete_worker_and_cancel_task" time="0.431" /><testcase classname="backend.tests.test_zoom_optimizations.TestRedisCache" name="test_cache_populates_or_graceful" time="0.997" /></testsuite></testsuites>