<?xml version="1.0" encoding="utf-8"?><testsuites name="pytest tests"><testsuite name="pytest" errors="0" failures="0" skipped="1" tests="43" time="97.748" timestamp="2026-05-18T13:33:36.100016+00:00" hostname="agent-env-8005dcb8-32fa-4a5c-8d73-86268c29ce4f"><testcase classname="backend.tests.test_backend.TestHealth" name="test_root" time="0.181" /><testcase classname="backend.tests.test_backend.TestAuth" name="test_login_success_sets_cookies" time="0.328" /><testcase classname="backend.tests.test_backend.TestAuth" name="test_me_with_cookies_only" time="0.425" /><testcase classname="backend.tests.test_backend.TestAuth" name="test_me_with_bearer_token" time="0.465" /><testcase classname="backend.tests.test_backend.TestAuth" name="test_invalid_password_returns_401_string_detail" time="0.129" /><testcase classname="backend.tests.test_backend.TestAuth" name="test_me_requires_auth" time="0.099" /><testcase classname="backend.tests.test_backend.TestAuth" name="test_logout_clears_cookies" time="0.471" /><testcase classname="backend.tests.test_backend.TestSecurity" name="test_endpoint_requires_auth[GET-/api/tasks/active]" time="0.119" /><testcase classname="backend.tests.test_backend.TestSecurity" name="test_endpoint_requires_auth[GET-/api/tasks/scheduled]" time="0.110" /><testcase classname="backend.tests.test_backend.TestSecurity" name="test_endpoint_requires_auth[GET-/api/tasks/previous]" time="0.110" /><testcase classname="backend.tests.test_backend.TestSecurity" name="test_endpoint_requires_auth[POST-/api/tasks]" time="0.125" /><testcase classname="backend.tests.test_backend.TestSecurity" name="test_endpoint_requires_auth[GET-/api/tasks/download]" time="0.114" /><testcase classname="backend.tests.test_backend.TestSecurity" name="test_endpoint_requires_auth[GET-/api/name-files]" time="0.109" /><testcase classname="backend.tests.test_backend.TestSecurity" name="test_endpoint_requires_auth[GET-/api/name-files/builtin]" time="0.105" /><testcase classname="backend.tests.test_backend.TestSecurity" name="test_endpoint_requires_auth[POST-/api/name-files]" time="0.094" /><testcase classname="backend.tests.test_backend.TestSecurity" name="test_endpoint_requires_auth[GET-/api/stats/usage]" time="0.126" /><testcase classname="backend.tests.test_backend.TestTasksImmediate" name="test_create_immediate_active_and_increments_usage" time="0.555" /><testcase classname="backend.tests.test_backend.TestTasksImmediate" name="test_cancel_task" time="7.763" /><testcase classname="backend.tests.test_backend.TestTasksImmediate" name="test_delete_single_task" time="0.536" /><testcase classname="backend.tests.test_backend.TestTasksImmediate" name="test_bulk_delete" time="0.633" /><testcase classname="backend.tests.test_backend.TestTasksImmediate" name="test_download_returns_user_tasks" time="0.474" /><testcase classname="backend.tests.test_backend.TestTasksScheduled" name="test_scheduled_transitions_to_active" time="10.553" /><testcase classname="backend.tests.test_backend.TestTasksScheduled" name="test_active_auto_completes" time="16.516" /><testcase classname="backend.tests.test_backend.TestUsageLimit" name="test_exceed_limit_returns_400" time="0.498"><skipped type="pytest.skip" message="Cannot exceed usage limit in test (remaining=14799)">/app/backend/tests/test_backend.py:245: Cannot exceed usage limit in test (remaining=14799)</skipped></testcase><testcase classname="backend.tests.test_backend.TestNameFiles" name="test_builtin_pools" time="0.402" /><testcase classname="backend.tests.test_backend.TestNameFiles" name="test_full_crud" time="1.004" /><testcase classname="backend.tests.test_backend.TestStats" name="test_usage" time="0.414" /><testcase classname="backend.tests.test_workers.TestWorkerCRUD" name="test_create_worker_returns_plain_token" time="0.642" /><testcase classname="backend.tests.test_workers.TestWorkerCRUD" name="test_list_workers_hides_token_hash" time="0.725" /><testcase classname="backend.tests.test_workers.TestWorkerCRUD" name="test_duplicate_name_returns_400" time="0.773" /><testcase classname="backend.tests.test_workers.TestWorkerCRUD" name="test_delete_worker_unassigns_active_tasks" time="1.262" /><testcase classname="backend.tests.test_workers.TestWorkerAuth" name="test_no_bearer_returns_401_with_string_detail" time="0.152" /><testcase classname="backend.tests.test_workers.TestWorkerAuth" name="test_malformed_token_no_dot" time="0.104" /><testcase classname="backend.tests.test_workers.TestWorkerAuth" name="test_wrong_secret_returns_401" time="1.064" /><testcase classname="backend.tests.test_workers.TestHeartbeat" name="test_heartbeat_updates_fields_and_flips_online" time="1.373" /><testcase classname="backend.tests.test_workers.TestClaimProgressComplete" name="test_claim_returns_names_indian_with_cycling" time="1.122" /><testcase classname="backend.tests.test_workers.TestClaimProgressComplete" name="test_claim_respects_capacity_left" time="1.745" /><testcase classname="backend.tests.test_workers.TestClaimProgressComplete" name="test_claim_skips_scheduled_tasks" time="4.567" /><testcase classname="backend.tests.test_workers.TestClaimProgressComplete" name="test_progress_404_if_task_not_assigned_to_worker" time="2.114" /><testcase classname="backend.tests.test_workers.TestClaimProgressComplete" name="test_complete_marks_status_and_persists" time="2.037" /><testcase classname="backend.tests.test_workers.TestClaimProgressComplete" name="test_complete_404_if_not_assigned" time="1.771" /><testcase classname="backend.tests.test_workers.TestPollerGrace" name="test_worker_owned_task_not_autocompleted_at_ends_at" time="18.194" /><testcase classname="backend.tests.test_workers.TestPollerGrace" name="test_unassigned_task_still_autocompletes_at_ends_at" time="17.585" /></testsuite></testsuites>