<?xml version="1.0" encoding="utf-8"?><testsuites name="pytest tests"><testsuite name="pytest" errors="0" failures="0" skipped="0" tests="16" time="55.265" timestamp="2026-05-18T13:32:35.566730+00:00" hostname="agent-env-8005dcb8-32fa-4a5c-8d73-86268c29ce4f"><testcase classname="backend.tests.test_workers.TestWorkerCRUD" name="test_create_worker_returns_plain_token" time="0.806" /><testcase classname="backend.tests.test_workers.TestWorkerCRUD" name="test_list_workers_hides_token_hash" time="0.791" /><testcase classname="backend.tests.test_workers.TestWorkerCRUD" name="test_duplicate_name_returns_400" time="0.752" /><testcase classname="backend.tests.test_workers.TestWorkerCRUD" name="test_delete_worker_unassigns_active_tasks" time="1.288" /><testcase classname="backend.tests.test_workers.TestWorkerAuth" name="test_no_bearer_returns_401_with_string_detail" time="0.139" /><testcase classname="backend.tests.test_workers.TestWorkerAuth" name="test_malformed_token_no_dot" time="0.104" /><testcase classname="backend.tests.test_workers.TestWorkerAuth" name="test_wrong_secret_returns_401" time="1.046" /><testcase classname="backend.tests.test_workers.TestHeartbeat" name="test_heartbeat_updates_fields_and_flips_online" time="1.442" /><testcase classname="backend.tests.test_workers.TestClaimProgressComplete" name="test_claim_returns_names_indian_with_cycling" time="1.312" /><testcase classname="backend.tests.test_workers.TestClaimProgressComplete" name="test_claim_respects_capacity_left" time="1.816" /><testcase classname="backend.tests.test_workers.TestClaimProgressComplete" name="test_claim_skips_scheduled_tasks" time="1.114" /><testcase classname="backend.tests.test_workers.TestClaimProgressComplete" name="test_progress_404_if_task_not_assigned_to_worker" time="2.239" /><testcase classname="backend.tests.test_workers.TestClaimProgressComplete" name="test_complete_marks_status_and_persists" time="2.028" /><testcase classname="backend.tests.test_workers.TestClaimProgressComplete" name="test_complete_404_if_not_assigned" time="1.889" /><testcase classname="backend.tests.test_workers.TestPollerGrace" name="test_worker_owned_task_not_autocompleted_at_ends_at" time="20.825" /><testcase classname="backend.tests.test_workers.TestPollerGrace" name="test_unassigned_task_still_autocompletes_at_ends_at" time="17.603" /></testsuite></testsuites>